<?xml version="1.0" encoding="UTF-8"?>
<!-- Generated by org.testng.reporters.JUnitReportReporter -->
<testsuite hostname="DESKTOP-UIAGOU1" failures="0" tests="1" name="Comp.Assesment.HomePage" time="8.961" errors="0" timestamp="2021-11-17T13:31:28 IST" skipped="0">
  <testcase classname="Comp.Assesment.HomePage" name="basepageNavigation" time="8.961"/>
  <system-out/>
</testsuite> <!-- Comp.Assesment.HomePage -->
