<?xml version="1.0" encoding="UTF-8"?>
<!-- Generated by org.testng.reporters.JUnitReportReporter -->
<testsuite hostname="DESKTOP-UIAGOU1" failures="0" tests="10" name="Comp.Assesment.TestData" time="124.031" errors="0" timestamp="2021-11-22T13:54:28 IST" skipped="0">
  <testcase classname="Comp.Assesment.TestData" name="validateTitle" time="7.825"/>
  <system-out/>
  <testcase classname="Comp.Assesment.TestData" name="WishList" time="14.172"/>
  <system-out/>
  <testcase classname="Comp.Assesment.TestData" name="basepageNavigation" time="11.969"/>
  <system-out/>
  <testcase classname="Comp.Assesment.TestData" name="Hover" time="16.486"/>
  <system-out/>
  <testcase classname="Comp.Assesment.TestData" name="createAccount" time="14.206"/>
  <system-out/>
  <testcase classname="Comp.Assesment.TestData" name="checkNavigation" time="7.503"/>
  <system-out/>
  <testcase classname="Comp.Assesment.TestData" name="contact" time="12.638"/>
  <system-out/>
  <testcase classname="Comp.Assesment.TestData" name="search" time="13.503"/>
  <system-out/>
  <testcase classname="Comp.Assesment.TestData" name="sortBy" time="15.061"/>
  <system-out/>
  <testcase classname="Comp.Assesment.TestData" name="addGift" time="10.668"/>
  <system-out/>
</testsuite> <!-- Comp.Assesment.TestData -->
