<?xml version="1.0" encoding="UTF-8"?>
<!-- Generated by org.testng.reporters.JUnitReportReporter -->
<testsuite skipped="0" hostname="MT-5CD12777KZ" name="com.mindtree.runner.TestRunner" tests="10" failures="1" timestamp="2021-11-18T23:40:12 IST" time="506.456" errors="1">
  <testcase name="runScenario" time="48.127" classname="com.mindtree.runner.TestRunner">
    <failure type="java.lang.AssertionError" message="expected [Twitter] but found [bigsmall.in (@Bigsmallstore) / Twitter]">
      <![CDATA[java.lang.AssertionError: expected [Twitter] but found [bigsmall.in (@Bigsmallstore) / Twitter]
at org.testng.Assert.fail(Assert.java:99)
at org.testng.Assert.failNotEquals(Assert.java:1037)
at org.testng.Assert.assertEqualsImpl(Assert.java:140)
at org.testng.Assert.assertEquals(Assert.java:122)
at org.testng.Assert.assertEquals(Assert.java:629)
at org.testng.Assert.assertEquals(Assert.java:639)
at com.mindtree.stepDefinitions.SocialBarstepDefinition.twitter_page_should_displayed(SocialBarstepDefinition.java:83)
at ✽.Twitter page should displayed(file:///C:/Users/M1073161/Documents/BDDframeWork/./features/socialBar.feature:12)
]]>
    </failure>
  </testcase> <!-- runScenario -->
  <system-out/>
  <testcase name="runScenario" time="34.571" classname="com.mindtree.runner.TestRunner"/>
  <system-out/>
  <testcase name="runScenario" time="119.286" classname="com.mindtree.runner.TestRunner">
    <error type="java.lang.NullPointerException">
      <![CDATA[java.lang.NullPointerException
at com.mindtree.stepDefinitions.ContactstepDefinition.a_thankyou_message_should_be_displayed(ContactstepDefinition.java:66)
at ✽.A Thankyou Message should be displayed(file:///C:/Users/M1073161/Documents/BDDframeWork/./features/Contact.feature:10)
]]>
    </error>
  </testcase> <!-- runScenario -->
  <system-out/>
  <testcase name="runScenario" time="26.002" classname="com.mindtree.runner.TestRunner"/>
  <system-out/>
  <testcase name="runScenario" time="35.598" classname="com.mindtree.runner.TestRunner"/>
  <system-out/>
  <testcase name="runScenario" time="16.714" classname="com.mindtree.runner.TestRunner"/>
  <system-out/>
  <testcase name="runScenario" time="37.586" classname="com.mindtree.runner.TestRunner"/>
  <system-out/>
  <testcase name="runScenario" time="44.732" classname="com.mindtree.runner.TestRunner"/>
  <system-out/>
  <testcase name="runScenario" time="110.006" classname="com.mindtree.runner.TestRunner"/>
  <system-out/>
  <testcase name="runScenario" time="33.834" classname="com.mindtree.runner.TestRunner"/>
  <system-out/>
</testsuite> <!-- com.mindtree.runner.TestRunner -->
